{
  "RSpec": {
    "coverage": {
      "/home/madihah/Coding/Makers/airport_challenge/spec/airport_spec.rb": {
        "lines": [
          1,
          1,
          null,
          1,
          null,
          1,
          1,
          null,
          null,
          1,
          1,
          1,
          51,
          1,
          null,
          null,
          null
        ]
      },
      "/home/madihah/Coding/Makers/airport_challenge/lib/plane.rb": {
        "lines": [
          1,
          null,
          1,
          54,
          2,
          null,
          52,
          52,
          null,
          null,
          null,
          1,
          1,
          null,
          null,
          null
        ]
      },
      "/home/madihah/Coding/Makers/airport_challenge/lib/airport.rb": {
        "lines": [
          1,
          null,
          1,
          null,
          1,
          1,
          null,
          null,
          1,
          5,
          5,
          null,
          null,
          null,
          1,
          54,
          null,
          null
        ]
      },
      "/home/madihah/Coding/Makers/airport_challenge/spec/plane_spec.rb": {
        "lines": [
          1,
          1,
          null,
          1,
          null,
          1,
          1,
          1,
          null,
          null,
          1,
          1,
          1,
          null,
          null,
          1,
          1,
          1,
          1,
          null,
          null
        ]
      }
    },
    "timestamp": 1635150647
  }
}
