{
  "RSpec": {
    "coverage": {
      "/home/madihah/Coding/Makers/Makers-Bootcamp/airport_challenge/spec/airport_spec.rb": {
        "lines": [
          1,
          1,
          null,
          1,
          null,
          1,
          1,
          1,
          null,
          null,
          1,
          1,
          1,
          null,
          1,
          1,
          null,
          null,
          1,
          1,
          1,
          1,
          null,
          null,
          1,
          1,
          null,
          null,
          1,
          1,
          1,
          51,
          1,
          null,
          null,
          1,
          1,
          1,
          null,
          1,
          null,
          null,
          null
        ]
      },
      "/home/madihah/Coding/Makers/Makers-Bootcamp/airport_challenge/lib/plane.rb": {
        "lines": [
          1,
          null,
          null,
          null
        ]
      },
      "/home/madihah/Coding/Makers/Makers-Bootcamp/airport_challenge/lib/airport.rb": {
        "lines": [
          1,
          null,
          1,
          null,
          1,
          1,
          null,
          null,
          1,
          6,
          6,
          null,
          null,
          null,
          1,
          55,
          2,
          null,
          53,
          53,
          null,
          null,
          null,
          1,
          2,
          1,
          null,
          1,
          null,
          null,
          null,
          1,
          55,
          null,
          null
        ]
      },
      "/home/madihah/Coding/Makers/Makers-Bootcamp/airport_challenge/spec/plane_spec.rb": {
        "lines": [
          1,
          1,
          null,
          1,
          null,
          null,
          null
        ]
      }
    },
    "timestamp": 1635158928
  }
}
