{
  "RSpec": {
    "coverage": {
      "/home/madihah/Coding/Makers/takeaway-challenge/spec/takeaway_spec.rb": {
        "lines": [
          1,
          null,
          1,
          1,
          1,
          null,
          null,
          1,
          1,
          null,
          null,
          1,
          2,
          null,
          null,
          1,
          1,
          1,
          1,
          null,
          null,
          1,
          1,
          null,
          null,
          null
        ]
      },
      "/home/madihah/Coding/Makers/takeaway-challenge/lib/takeaway.rb": {
        "lines": [
          1,
          null,
          1,
          null,
          1,
          5,
          5,
          5,
          null,
          null,
          1,
          3,
          4,
          3,
          null,
          1,
          null,
          null,
          null,
          2,
          null,
          null,
          1,
          1,
          2,
          null,
          null,
          1,
          null,
          null,
          null,
          null,
          null,
          null,
          null
        ]
      }
    },
    "timestamp": 1635698234
  }
}
