{
  "RSpec": {
    "coverage": {
      "/home/madihah/Coding/Makers/rps-challenge/spec/ai_spec.rb": {
        "lines": [
          1,
          null,
          1,
          null,
          4,
          null,
          1,
          null,
          1,
          1,
          1,
          null,
          null,
          null,
          1,
          1,
          1,
          null,
          null,
          1,
          1,
          null,
          null,
          null,
          null,
          null
        ]
      },
      "/home/madihah/Coding/Makers/rps-challenge/spec/features/form_spec.rb": {
        "lines": [
          1,
          null,
          1,
          1,
          1,
          1,
          null,
          null
        ]
      },
      "/home/madihah/Coding/Makers/rps-challenge/spec/features/web_helpers.rb": {
        "lines": [
          1,
          5,
          5,
          5,
          null
        ]
      },
      "/home/madihah/Coding/Makers/rps-challenge/spec/features/rps_spec.rb": {
        "lines": [
          1,
          null,
          1,
          1,
          1,
          1,
          1,
          1,
          null,
          null,
          1,
          1,
          1,
          1,
          null,
          null,
          1,
          1,
          1,
          1,
          null,
          null,
          1,
          1,
          1,
          1,
          1,
          1,
          null,
          null
        ]
      }
    },
    "timestamp": 1636309425
  }
}
