{
  "RSpec": {
    "coverage": {
      "/home/madihah/Coding/Makers/Makers-Bootcamp/week 4/BookmarkManager/spec/bookmark_spec.rb": {
        "lines": [
          1,
          null,
          1,
          1,
          1,
          1,
          0,
          0,
          null,
          null,
          null,
          null,
          null
        ]
      },
      "/home/madihah/Coding/Makers/Makers-Bootcamp/week 4/BookmarkManager/spec/features/homepage_spec.rb": {
        "lines": [
          1,
          1,
          1,
          1,
          null,
          null
        ]
      },
      "/home/madihah/Coding/Makers/Makers-Bootcamp/week 4/BookmarkManager/spec/features/view_bookmark_spec.rb": {
        "lines": [
          1,
          1,
          1,
          1,
          1,
          0,
          0,
          null,
          null
        ]
      }
    },
    "timestamp": 1636981950
  }
}
