{
  "RSpec": {
    "coverage": {
      "/Users/ginnythomas/Documents/Projects/PairingPartners/Madihah/BookmarkManager/spec/bookmark_spec.rb": {
        "lines": [
          1,
          null,
          1,
          1,
          1,
          1,
          1,
          1,
          1,
          1,
          1,
          1,
          1,
          1,
          null,
          null,
          null
        ]
      },
      "/Users/ginnythomas/Documents/Projects/PairingPartners/Madihah/BookmarkManager/spec/features/homepage_spec.rb": {
        "lines": [
          1,
          1,
          1,
          1,
          null,
          null
        ]
      },
      "/Users/ginnythomas/Documents/Projects/PairingPartners/Madihah/BookmarkManager/spec/features/view_bookmark_spec.rb": {
        "lines": [
          1,
          null,
          1,
          1,
          null,
          1,
          1,
          1,
          1,
          1,
          1,
          1,
          1,
          1,
          1,
          1,
          1,
          null,
          null
        ]
      }
    },
    "timestamp": 1636736138
  }
}
